

================================================================
== Vitis HLS Report for 'compute_rope_Pipeline_VITIS_LOOP_30_1'
================================================================
* Date:           Thu Apr 24 21:16:03 2025

* Version:        2024.2 (Build 5238294 on Nov  8 2024)
* Project:        kernel_rope
* Solution:       hls (Vitis Kernel Flow Target)
* Product family: zynquplus
* Target device:  xczu7ev-ffvc1156-2-e


================================================================
== Performance Estimates
================================================================
+ Timing: 
    * Summary: 
    +--------+----------+----------+------------+
    |  Clock |  Target  | Estimated| Uncertainty|
    +--------+----------+----------+------------+
    |ap_clk  |  10.00 ns|  3.075 ns|     2.70 ns|
    +--------+----------+----------+------------+

+ Latency: 
    * Summary: 
    +---------+---------+----------+----------+-----+-----+------------------------------------------------+
    |  Latency (cycles) |  Latency (absolute) |  Interval |                    Pipeline                    |
    |   min   |   max   |    min   |    max   | min | max |                      Type                      |
    +---------+---------+----------+----------+-----+-----+------------------------------------------------+
    |      290|      290|  2.900 us|  2.900 us|  289|  289|  loop auto-rewind stp (delay=0 clock cycles(s))|
    +---------+---------+----------+----------+-----+-----+------------------------------------------------+

    + Detail: 
        * Instance: 
        N/A

        * Loop: 
        +-------------------+---------+---------+----------+-----------+-----------+------+----------+
        |                   |  Latency (cycles) | Iteration|  Initiation Interval  | Trip |          |
        |     Loop Name     |   min   |   max   |  Latency |  achieved |   target  | Count| Pipelined|
        +-------------------+---------+---------+----------+-----------+-----------+------+----------+
        |- VITIS_LOOP_30_1  |      288|      288|         2|          1|          1|   288|       yes|
        +-------------------+---------+---------+----------+-----------+-----------+------+----------+



================================================================
== Utilization Estimates
================================================================
* Summary: 
+-----------------+---------+------+--------+--------+-----+
|       Name      | BRAM_18K|  DSP |   FF   |   LUT  | URAM|
+-----------------+---------+------+--------+--------+-----+
|DSP              |        -|     -|       -|       -|    -|
|Expression       |        -|     -|       0|      38|    -|
|FIFO             |        -|     -|       -|       -|    -|
|Instance         |        -|     -|       -|       -|    -|
|Memory           |        -|     -|       -|       -|    -|
|Multiplexer      |        -|     -|       0|      54|    -|
|Register         |        -|     -|      21|       -|    -|
+-----------------+---------+------+--------+--------+-----+
|Total            |        0|     0|      21|      92|    0|
+-----------------+---------+------+--------+--------+-----+
|Available        |      624|  1728|  460800|  230400|   96|
+-----------------+---------+------+--------+--------+-----+
|Utilization (%)  |        0|     0|      ~0|      ~0|    0|
+-----------------+---------+------+--------+--------+-----+

+ Detail: 
    * Instance: 
    N/A

    * DSP: 
    N/A

    * Memory: 
    N/A

    * FIFO: 
    N/A

    * Expression: 
    +---------------------------------------+----------+----+---+----+------------+------------+
    |             Variable Name             | Operation| DSP| FF| LUT| Bitwidth P0| Bitwidth P1|
    +---------------------------------------+----------+----+---+----+------------+------------+
    |add_ln30_fu_96_p2                      |         +|   0|  0|  16|           9|           1|
    |ap_block_pp0_stage0_11001              |       and|   0|  0|   2|           1|           1|
    |icmp_ln30_fu_90_p2                     |      icmp|   0|  0|  16|           9|           9|
    |ap_block_state2_pp0_stage0_iter1_grp1  |        or|   0|  0|   2|           1|           1|
    |ap_enable_pp0                          |       xor|   0|  0|   2|           1|           2|
    +---------------------------------------+----------+----+---+----+------------+------------+
    |Total                                  |          |   0|  0|  38|          21|          14|
    +---------------------------------------+----------+----+---+----+------------+------------+

    * Multiplexer: 
    +-------------------------+----+-----------+-----+-----------+
    |           Name          | LUT| Input Size| Bits| Total Bits|
    +-------------------------+----+-----------+-----+-----------+
    |ap_done_int              |   9|          2|    1|          2|
    |ap_enable_reg_pp0_iter1  |   9|          2|    1|          2|
    |ap_sig_allocacmp_i_3     |   9|          2|    9|         18|
    |i_fu_40                  |   9|          2|    9|         18|
    |k_in_stream_blk_n        |   9|          2|    1|          2|
    |q_in_stream_blk_n        |   9|          2|    1|          2|
    +-------------------------+----+-----------+-----+-----------+
    |Total                    |  54|         12|   22|         44|
    +-------------------------+----+-----------+-----+-----------+

    * Register: 
    +-------------------------+---+----+-----+-----------+
    |           Name          | FF| LUT| Bits| Const Bits|
    +-------------------------+---+----+-----+-----------+
    |ap_CS_fsm                |  1|   0|    1|          0|
    |ap_done_reg              |  1|   0|    1|          0|
    |ap_enable_reg_pp0_iter1  |  1|   0|    1|          0|
    |i_3_reg_129              |  9|   0|    9|          0|
    |i_fu_40                  |  9|   0|    9|          0|
    +-------------------------+---+----+-----+-----------+
    |Total                    | 21|   0|   21|          0|
    +-------------------------+---+----+-----+-----------+



================================================================
== Interface
================================================================
* Summary: 
+----------------------------+-----+-----+------------+---------------------------------------+--------------+
|          RTL Ports         | Dir | Bits|  Protocol  |             Source Object             |    C Type    |
+----------------------------+-----+-----+------------+---------------------------------------+--------------+
|ap_clk                      |   in|    1|  ap_ctrl_hs|  compute_rope_Pipeline_VITIS_LOOP_30_1|  return value|
|ap_rst                      |   in|    1|  ap_ctrl_hs|  compute_rope_Pipeline_VITIS_LOOP_30_1|  return value|
|ap_start                    |   in|    1|  ap_ctrl_hs|  compute_rope_Pipeline_VITIS_LOOP_30_1|  return value|
|ap_done                     |  out|    1|  ap_ctrl_hs|  compute_rope_Pipeline_VITIS_LOOP_30_1|  return value|
|ap_idle                     |  out|    1|  ap_ctrl_hs|  compute_rope_Pipeline_VITIS_LOOP_30_1|  return value|
|ap_ready                    |  out|    1|  ap_ctrl_hs|  compute_rope_Pipeline_VITIS_LOOP_30_1|  return value|
|q_in_stream_dout            |   in|   32|     ap_fifo|                            q_in_stream|       pointer|
|q_in_stream_empty_n         |   in|    1|     ap_fifo|                            q_in_stream|       pointer|
|q_in_stream_read            |  out|    1|     ap_fifo|                            q_in_stream|       pointer|
|q_in_stream_num_data_valid  |   in|    3|     ap_fifo|                            q_in_stream|       pointer|
|q_in_stream_fifo_cap        |   in|    3|     ap_fifo|                            q_in_stream|       pointer|
|k_in_stream_dout            |   in|   32|     ap_fifo|                            k_in_stream|       pointer|
|k_in_stream_empty_n         |   in|    1|     ap_fifo|                            k_in_stream|       pointer|
|k_in_stream_read            |  out|    1|     ap_fifo|                            k_in_stream|       pointer|
|k_in_stream_num_data_valid  |   in|    3|     ap_fifo|                            k_in_stream|       pointer|
|k_in_stream_fifo_cap        |   in|    3|     ap_fifo|                            k_in_stream|       pointer|
|q_local_address0            |  out|    9|   ap_memory|                                q_local|         array|
|q_local_ce0                 |  out|    1|   ap_memory|                                q_local|         array|
|q_local_we0                 |  out|    1|   ap_memory|                                q_local|         array|
|q_local_d0                  |  out|   32|   ap_memory|                                q_local|         array|
|k_local_address0            |  out|    9|   ap_memory|                                k_local|         array|
|k_local_ce0                 |  out|    1|   ap_memory|                                k_local|         array|
|k_local_we0                 |  out|    1|   ap_memory|                                k_local|         array|
|k_local_d0                  |  out|   32|   ap_memory|                                k_local|         array|
+----------------------------+-----+-----+------------+---------------------------------------+--------------+

