================================================================
== Design Size Report
================================================================

* Total Instructions per Compilation Phase
+---------------+-----------------------------+--------------+----------------------------------------------------------------------------------------+
| Phase         | Step                        | Instructions | Description                                                                            |
+---------------+-----------------------------+--------------+----------------------------------------------------------------------------------------+
| Compile/Link  |                             | 187          | After all functions are compiled and linked into a single design                       |
|               |                             |              |                                                                                        |
| Unroll/Inline |                             |              | After user unroll and inline pragmas are applied                                       |
|               | (1) unroll                  | 127          | user unroll pragmas are applied                                                        |
|               | (2) simplification          |  91          | simplification of applied user unroll pragmas                                          |
|               | (3) inline                  | 109          | user inline pragmas are applied                                                        |
|               | (4) simplification          | 109          | simplification of applied user inline pragmas                                          |
|               |                             |              |                                                                                        |
| Array/Struct  |                             |              | After user array partition and struct aggregate/disaggregate pragmas are applied       |
|               | (1) array partition         | 102          | user array partition pragmas are applied                                               |
|               | (2) simplification          | 102          | simplification of applied user array partition & struct aggregate/disaggregate pragmas |
|               | (3) aggregate/disaggregate  | 102          | user struct aggregate/disaggregate pragmas are applied                                 |
|               | (4) array reshape           | 102          | apply array reshape pragmas                                                            |
|               | (5) access patterns         | 118          | array access pattern optmizations                                                      |
|               |                             |              |                                                                                        |
| Performance   |                             |              | After transformations are applied to meet performance pragma targets                   |
|               | (1) loop simplification     | 118          | loop and instruction simplification                                                    |
|               | (2) parallelization         | 117          | loops are unrolled or pipelined to meet performance targets                            |
|               | (3) array partition         | 113          | arrays are partitioned to meet performance targets                                     |
|               | (4) simplification          | 113          | simplification of design after performance transformations                             |
|               |                             |              |                                                                                        |
| HW Transforms |                             |              | After hardware transfomations                                                          |
|               | (1) lowering                | 131          | initial conversion to HW specific instructions                                         |
|               | (2) optimizations           | 150          | high level synthesis optimizations                                                     |
+---------------+-----------------------------+--------------+----------------------------------------------------------------------------------------+

* Instructions per Function for each Compilation Phase
+-------------------+----------------------+--------------+---------------+--------------+-------------+---------------+
| Function          | Location             | Compile/Link | Unroll/Inline | Array/Struct | Performance | HW Transforms |
+-------------------+----------------------+--------------+---------------+--------------+-------------+---------------+
| + kernel_matmul   | kernel_matmul.cpp:55 | 187          | 109           | 118          | 113         | 150           |
|    load_vec       | kernel_matmul.cpp:8  |  19          |  13           |  14          |  14         |  20           |
|    load_mat       | kernel_matmul.cpp:15 |  30          |  25           |  31          |  30         |  32           |
|    compute_matmul | kernel_matmul.cpp:25 |  83          |  38           |  39          |  35         |  45           |
|    store_result   | kernel_matmul.cpp:46 |  26          |  13           |  14          |  14         |  21           |
+-------------------+----------------------+--------------+---------------+--------------+-------------+---------------+

* Design Size Message Settings
+---------------------------------------------+--------+------------------------------------------------------------------+
| Message Setting                             | Value  | Description                                                      |
+---------------------------------------------+--------+------------------------------------------------------------------+
| config_compile -design_size_maximum_warning | 100000 | Show a warning when total design instructions exceeds this value |
+---------------------------------------------+--------+------------------------------------------------------------------+


